<?xml version="1.0" encoding="UTF-8"?>
<!DOCTYPE coverage SYSTEM "http://cobertura.sourceforge.net/xml/coverage-04.dtd">
<coverage line-rate="0.6896552" branch-rate="0" version="" timestamp="1547754811607" lines-covered="160" lines-valid="232" branches-covered="0" branches-valid="0" complexity="0">
	<sources>
		<source>/usr/lib/go-1.10/src</source>
		<source>/home/mkuchenbecker/go/src</source>
	</sources>
	<packages>
		<package name="github.com/mkuchenbecker/brewery3/brewery/rpi" line-rate="0.8666667" branch-rate="0" complexity="0">
			<classes>
				<class name="-" filename="github.com/mkuchenbecker/brewery3/brewery/rpi/brewery.go" line-rate="1" branch-rate="0" complexity="0">
					<methods>
						<method name="print" signature="" line-rate="1" branch-rate="0" complexity="0">
							<lines>
								<line number="12" hits="2"></line>
								<line number="13" hits="2"></line>
								<line number="14" hits="2"></line>
							</lines>
						</method>
						<method name="checkTempConstraints" signature="" line-rate="1" branch-rate="0" complexity="0">
							<lines>
								<line number="92" hits="12"></line>
								<line number="93" hits="12"></line>
								<line number="94" hits="9"></line>
								<line number="95" hits="9"></line>
								<line number="96" hits="9"></line>
								<line number="98" hits="3"></line>
							</lines>
						</method>
					</methods>
					<lines>
						<line number="12" hits="2"></line>
						<line number="13" hits="2"></line>
						<line number="14" hits="2"></line>
						<line number="92" hits="12"></line>
						<line number="93" hits="12"></line>
						<line number="94" hits="9"></line>
						<line number="95" hits="9"></line>
						<line number="96" hits="9"></line>
						<line number="98" hits="3"></line>
					</lines>
				</class>
				<class name="Brewery" filename="github.com/mkuchenbecker/brewery3/brewery/rpi/brewery.go" line-rate="0.84962404" branch-rate="0" complexity="0">
					<methods>
						<method name="ReplaceConfig" signature="" line-rate="1" branch-rate="0" complexity="0">
							<lines>
								<line number="27" hits="4"></line>
								<line number="28" hits="4"></line>
								<line number="29" hits="4"></line>
								<line number="30" hits="4"></line>
								<line number="31" hits="4"></line>
							</lines>
						</method>
						<method name="getTempConstraints" signature="" line-rate="1" branch-rate="0" complexity="0">
							<lines>
								<line number="33" hits="7"></line>
								<line number="34" hits="7"></line>
								<line number="35" hits="1"></line>
								<line number="36" hits="1"></line>
								<line number="37" hits="1"></line>
								<line number="38" hits="6"></line>
								<line number="39" hits="1"></line>
								<line number="40" hits="1"></line>
								<line number="41" hits="1"></line>
								<line number="42" hits="5"></line>
								<line number="43" hits="1"></line>
								<line number="44" hits="1"></line>
								<line number="45" hits="1"></line>
								<line number="47" hits="4"></line>
								<line number="48" hits="4"></line>
								<line number="49" hits="4"></line>
								<line number="50" hits="4"></line>
								<line number="51" hits="4"></line>
								<line number="52" hits="4"></line>
								<line number="53" hits="4"></line>
								<line number="54" hits="4"></line>
								<line number="55" hits="4"></line>
								<line number="56" hits="4"></line>
								<line number="57" hits="4"></line>
								<line number="58" hits="4"></line>
								<line number="59" hits="4"></line>
								<line number="60" hits="4"></line>
								<line number="61" hits="4"></line>
								<line number="62" hits="4"></line>
								<line number="63" hits="4"></line>
							</lines>
						</method>
						<method name="mashThermOn" signature="" line-rate="0.5714286" branch-rate="0" complexity="0">
							<lines>
								<line number="66" hits="3"></line>
								<line number="67" hits="3"></line>
								<line number="68" hits="0"></line>
								<line number="69" hits="0"></line>
								<line number="70" hits="0"></line>
								<line number="71" hits="3"></line>
								<line number="72" hits="3"></line>
							</lines>
						</method>
						<method name="ElementOff" signature="" line-rate="1" branch-rate="0" complexity="0">
							<lines>
								<line number="101" hits="22"></line>
								<line number="102" hits="22"></line>
								<line number="103" hits="22"></line>
								<line number="104" hits="26"></line>
								<line number="105" hits="20"></line>
								<line number="106" hits="20"></line>
								<line number="107" hits="20"></line>
								<line number="109" hits="2"></line>
							</lines>
						</method>
						<method name="Run" signature="" line-rate="0.68" branch-rate="0" complexity="0">
							<lines>
								<line number="112" hits="4"></line>
								<line number="113" hits="4"></line>
								<line number="114" hits="4"></line>
								<line number="115" hits="4"></line>
								<line number="116" hits="4"></line>
								<line number="117" hits="4"></line>
								<line number="118" hits="1"></line>
								<line number="119" hits="1"></line>
								<line number="120" hits="1"></line>
								<line number="121" hits="2"></line>
								<line number="122" hits="2"></line>
								<line number="123" hits="0"></line>
								<line number="124" hits="0"></line>
								<line number="125" hits="0"></line>
								<line number="126" hits="1"></line>
								<line number="127" hits="1"></line>
								<line number="128" hits="0"></line>
								<line number="129" hits="0"></line>
								<line number="130" hits="0"></line>
								<line number="131" hits="1"></line>
								<line number="133" hits="1"></line>
								<line number="134" hits="1"></line>
								<line number="135" hits="1"></line>
								<line number="136" hits="0"></line>
								<line number="138" hits="0"></line>
							</lines>
						</method>
						<method name="ElementOn" signature="" line-rate="1" branch-rate="0" complexity="0">
							<lines>
								<line number="141" hits="19"></line>
								<line number="142" hits="19"></line>
								<line number="143" hits="19"></line>
								<line number="144" hits="4"></line>
								<line number="145" hits="4"></line>
								<line number="146" hits="4"></line>
								<line number="149" hits="19"></line>
								<line number="150" hits="2"></line>
								<line number="151" hits="2"></line>
								<line number="152" hits="2"></line>
								<line number="153" hits="2"></line>
								<line number="154" hits="17"></line>
								<line number="155" hits="17"></line>
								<line number="156" hits="17"></line>
							</lines>
						</method>
						<method name="ElementPowerLevel" signature="" line-rate="0.55" branch-rate="0" complexity="0">
							<lines>
								<line number="159" hits="4"></line>
								<line number="160" hits="4"></line>
								<line number="161" hits="1"></line>
								<line number="162" hits="1"></line>
								<line number="163" hits="0"></line>
								<line number="164" hits="0"></line>
								<line number="165" hits="0"></line>
								<line number="167" hits="1"></line>
								<line number="168" hits="1"></line>
								<line number="169" hits="0"></line>
								<line number="170" hits="0"></line>
								<line number="171" hits="0"></line>
								<line number="173" hits="2"></line>
								<line number="174" hits="2"></line>
								<line number="175" hits="0"></line>
								<line number="176" hits="0"></line>
								<line number="177" hits="0"></line>
								<line number="179" hits="4"></line>
								<line number="180" hits="4"></line>
								<line number="181" hits="4"></line>
							</lines>
						</method>
						<method name="elementPowerLevelToggle" signature="" line-rate="1" branch-rate="0" complexity="0">
							<lines>
								<line number="184" hits="8"></line>
								<line number="185" hits="8"></line>
								<line number="186" hits="8"></line>
								<line number="187" hits="8"></line>
								<line number="188" hits="8"></line>
								<line number="189" hits="8"></line>
								<line number="190" hits="8"></line>
								<line number="191" hits="19"></line>
								<line number="192" hits="13"></line>
								<line number="193" hits="13"></line>
								<line number="194" hits="2"></line>
								<line number="195" hits="2"></line>
								<line number="196" hits="2"></line>
								<line number="197" hits="2"></line>
								<line number="198" hits="6"></line>
								<line number="199" hits="6"></line>
								<line number="200" hits="6"></line>
								<line number="201" hits="6"></line>
								<line number="206" hits="8"></line>
								<line number="207" hits="8"></line>
								<line number="208" hits="8"></line>
								<line number="209" hits="8"></line>
								<line number="210" hits="8"></line>
								<line number="212" hits="8"></line>
							</lines>
						</method>
					</methods>
					<lines>
						<line number="27" hits="4"></line>
						<line number="28" hits="4"></line>
						<line number="29" hits="4"></line>
						<line number="30" hits="4"></line>
						<line number="31" hits="4"></line>
						<line number="33" hits="7"></line>
						<line number="34" hits="7"></line>
						<line number="35" hits="1"></line>
						<line number="36" hits="1"></line>
						<line number="37" hits="1"></line>
						<line number="38" hits="6"></line>
						<line number="39" hits="1"></line>
						<line number="40" hits="1"></line>
						<line number="41" hits="1"></line>
						<line number="42" hits="5"></line>
						<line number="43" hits="1"></line>
						<line number="44" hits="1"></line>
						<line number="45" hits="1"></line>
						<line number="47" hits="4"></line>
						<line number="48" hits="4"></line>
						<line number="49" hits="4"></line>
						<line number="50" hits="4"></line>
						<line number="51" hits="4"></line>
						<line number="52" hits="4"></line>
						<line number="53" hits="4"></line>
						<line number="54" hits="4"></line>
						<line number="55" hits="4"></line>
						<line number="56" hits="4"></line>
						<line number="57" hits="4"></line>
						<line number="58" hits="4"></line>
						<line number="59" hits="4"></line>
						<line number="60" hits="4"></line>
						<line number="61" hits="4"></line>
						<line number="62" hits="4"></line>
						<line number="63" hits="4"></line>
						<line number="66" hits="3"></line>
						<line number="67" hits="3"></line>
						<line number="68" hits="0"></line>
						<line number="69" hits="0"></line>
						<line number="70" hits="0"></line>
						<line number="71" hits="3"></line>
						<line number="72" hits="3"></line>
						<line number="101" hits="22"></line>
						<line number="102" hits="22"></line>
						<line number="103" hits="22"></line>
						<line number="104" hits="26"></line>
						<line number="105" hits="20"></line>
						<line number="106" hits="20"></line>
						<line number="107" hits="20"></line>
						<line number="109" hits="2"></line>
						<line number="112" hits="4"></line>
						<line number="113" hits="4"></line>
						<line number="114" hits="4"></line>
						<line number="115" hits="4"></line>
						<line number="116" hits="4"></line>
						<line number="117" hits="4"></line>
						<line number="118" hits="1"></line>
						<line number="119" hits="1"></line>
						<line number="120" hits="1"></line>
						<line number="121" hits="2"></line>
						<line number="122" hits="2"></line>
						<line number="123" hits="0"></line>
						<line number="124" hits="0"></line>
						<line number="125" hits="0"></line>
						<line number="126" hits="1"></line>
						<line number="127" hits="1"></line>
						<line number="128" hits="0"></line>
						<line number="129" hits="0"></line>
						<line number="130" hits="0"></line>
						<line number="131" hits="1"></line>
						<line number="133" hits="1"></line>
						<line number="134" hits="1"></line>
						<line number="135" hits="1"></line>
						<line number="136" hits="0"></line>
						<line number="138" hits="0"></line>
						<line number="141" hits="19"></line>
						<line number="142" hits="19"></line>
						<line number="143" hits="19"></line>
						<line number="144" hits="4"></line>
						<line number="145" hits="4"></line>
						<line number="146" hits="4"></line>
						<line number="149" hits="19"></line>
						<line number="150" hits="2"></line>
						<line number="151" hits="2"></line>
						<line number="152" hits="2"></line>
						<line number="153" hits="2"></line>
						<line number="154" hits="17"></line>
						<line number="155" hits="17"></line>
						<line number="156" hits="17"></line>
						<line number="159" hits="4"></line>
						<line number="160" hits="4"></line>
						<line number="161" hits="1"></line>
						<line number="162" hits="1"></line>
						<line number="163" hits="0"></line>
						<line number="164" hits="0"></line>
						<line number="165" hits="0"></line>
						<line number="167" hits="1"></line>
						<line number="168" hits="1"></line>
						<line number="169" hits="0"></line>
						<line number="170" hits="0"></line>
						<line number="171" hits="0"></line>
						<line number="173" hits="2"></line>
						<line number="174" hits="2"></line>
						<line number="175" hits="0"></line>
						<line number="176" hits="0"></line>
						<line number="177" hits="0"></line>
						<line number="179" hits="4"></line>
						<line number="180" hits="4"></line>
						<line number="181" hits="4"></line>
						<line number="184" hits="8"></line>
						<line number="185" hits="8"></line>
						<line number="186" hits="8"></line>
						<line number="187" hits="8"></line>
						<line number="188" hits="8"></line>
						<line number="189" hits="8"></line>
						<line number="190" hits="8"></line>
						<line number="191" hits="19"></line>
						<line number="192" hits="13"></line>
						<line number="193" hits="13"></line>
						<line number="194" hits="2"></line>
						<line number="195" hits="2"></line>
						<line number="196" hits="2"></line>
						<line number="197" hits="2"></line>
						<line number="198" hits="6"></line>
						<line number="199" hits="6"></line>
						<line number="200" hits="6"></line>
						<line number="201" hits="6"></line>
						<line number="206" hits="8"></line>
						<line number="207" hits="8"></line>
						<line number="208" hits="8"></line>
						<line number="209" hits="8"></line>
						<line number="210" hits="8"></line>
						<line number="212" hits="8"></line>
					</lines>
				</class>
				<class name="Constraint" filename="github.com/mkuchenbecker/brewery3/brewery/rpi/brewery.go" line-rate="1" branch-rate="0" complexity="0">
					<methods>
						<method name="Check" signature="" line-rate="1" branch-rate="0" complexity="0">
							<lines>
								<line number="81" hits="27"></line>
								<line number="82" hits="4"></line>
								<line number="83" hits="4"></line>
								<line number="84" hits="4"></line>
								<line number="85" hits="5"></line>
								<line number="86" hits="5"></line>
								<line number="87" hits="5"></line>
								<line number="88" hits="18"></line>
							</lines>
						</method>
					</methods>
					<lines>
						<line number="81" hits="27"></line>
						<line number="82" hits="4"></line>
						<line number="83" hits="4"></line>
						<line number="84" hits="4"></line>
						<line number="85" hits="5"></line>
						<line number="86" hits="5"></line>
						<line number="87" hits="5"></line>
						<line number="88" hits="18"></line>
					</lines>
				</class>
			</classes>
		</package>
		<package name="github.com/mkuchenbecker/brewery3/brewery/rpi/element" line-rate="0.45454547" branch-rate="0" complexity="0">
			<classes>
				<class name="HeaterServer" filename="github.com/mkuchenbecker/brewery3/brewery/rpi/element/heater.go" line-rate="1" branch-rate="0" complexity="0">
					<methods>
						<method name="On" signature="" line-rate="1" branch-rate="0" complexity="0">
							<lines>
								<line number="18" hits="2"></line>
								<line number="19" hits="2"></line>
								<line number="20" hits="2"></line>
								<line number="21" hits="2"></line>
								<line number="22" hits="2"></line>
							</lines>
						</method>
						<method name="Off" signature="" line-rate="1" branch-rate="0" complexity="0">
							<lines>
								<line number="24" hits="2"></line>
								<line number="25" hits="2"></line>
								<line number="26" hits="2"></line>
								<line number="27" hits="2"></line>
								<line number="28" hits="2"></line>
							</lines>
						</method>
					</methods>
					<lines>
						<line number="18" hits="2"></line>
						<line number="19" hits="2"></line>
						<line number="20" hits="2"></line>
						<line number="21" hits="2"></line>
						<line number="22" hits="2"></line>
						<line number="24" hits="2"></line>
						<line number="25" hits="2"></line>
						<line number="26" hits="2"></line>
						<line number="27" hits="2"></line>
						<line number="28" hits="2"></line>
					</lines>
				</class>
				<class name="-" filename="github.com/mkuchenbecker/brewery3/brewery/rpi/element/main.go" line-rate="0" branch-rate="0" complexity="0">
					<methods>
						<method name="StartHeater" signature="" line-rate="0" branch-rate="0" complexity="0">
							<lines>
								<line number="15" hits="0"></line>
								<line number="16" hits="0"></line>
								<line number="17" hits="0"></line>
								<line number="18" hits="0"></line>
								<line number="19" hits="0"></line>
								<line number="20" hits="0"></line>
								<line number="21" hits="0"></line>
								<line number="22" hits="0"></line>
								<line number="23" hits="0"></line>
								<line number="24" hits="0"></line>
								<line number="25" hits="0"></line>
								<line number="26" hits="0"></line>
							</lines>
						</method>
					</methods>
					<lines>
						<line number="15" hits="0"></line>
						<line number="16" hits="0"></line>
						<line number="17" hits="0"></line>
						<line number="18" hits="0"></line>
						<line number="19" hits="0"></line>
						<line number="20" hits="0"></line>
						<line number="21" hits="0"></line>
						<line number="22" hits="0"></line>
						<line number="23" hits="0"></line>
						<line number="24" hits="0"></line>
						<line number="25" hits="0"></line>
						<line number="26" hits="0"></line>
					</lines>
				</class>
			</classes>
		</package>
		<package name="github.com/mkuchenbecker/brewery3/brewery/rpi/gpio" line-rate="0.4" branch-rate="0" complexity="0">
			<classes>
				<class name="GPIOController" filename="github.com/mkuchenbecker/brewery3/brewery/rpi/gpio/controller.go" line-rate="1" branch-rate="0" complexity="0">
					<methods>
						<method name="PowerPin" signature="" line-rate="1" branch-rate="0" complexity="0">
							<lines>
								<line number="13" hits="4"></line>
								<line number="14" hits="4"></line>
								<line number="15" hits="1"></line>
								<line number="16" hits="1"></line>
								<line number="17" hits="1"></line>
								<line number="18" hits="3"></line>
								<line number="19" hits="3"></line>
								<line number="20" hits="1"></line>
								<line number="21" hits="1"></line>
								<line number="22" hits="1"></line>
								<line number="23" hits="2"></line>
								<line number="24" hits="2"></line>
								<line number="25" hits="3"></line>
							</lines>
						</method>
						<method name="ReadTemperature" signature="" line-rate="1" branch-rate="0" complexity="0">
							<lines>
								<line number="28" hits="1"></line>
								<line number="29" hits="1"></line>
								<line number="30" hits="1"></line>
							</lines>
						</method>
					</methods>
					<lines>
						<line number="13" hits="4"></line>
						<line number="14" hits="4"></line>
						<line number="15" hits="1"></line>
						<line number="16" hits="1"></line>
						<line number="17" hits="1"></line>
						<line number="18" hits="3"></line>
						<line number="19" hits="3"></line>
						<line number="20" hits="1"></line>
						<line number="21" hits="1"></line>
						<line number="22" hits="1"></line>
						<line number="23" hits="2"></line>
						<line number="24" hits="2"></line>
						<line number="25" hits="3"></line>
						<line number="28" hits="1"></line>
						<line number="29" hits="1"></line>
						<line number="30" hits="1"></line>
					</lines>
				</class>
				<class name="DefaultSensorArray" filename="github.com/mkuchenbecker/brewery3/brewery/rpi/gpio/sensors.go" line-rate="0" branch-rate="0" complexity="0">
					<methods>
						<method name="Sensors" signature="" line-rate="0" branch-rate="0" complexity="0">
							<lines>
								<line number="15" hits="0"></line>
								<line number="16" hits="0"></line>
								<line number="17" hits="0"></line>
								<line number="18" hits="0"></line>
								<line number="19" hits="0"></line>
								<line number="20" hits="0"></line>
								<line number="21" hits="0"></line>
								<line number="22" hits="0"></line>
								<line number="23" hits="0"></line>
								<line number="24" hits="0"></line>
							</lines>
						</method>
						<method name="Temperature" signature="" line-rate="0" branch-rate="0" complexity="0">
							<lines>
								<line number="27" hits="0"></line>
								<line number="28" hits="0"></line>
								<line number="29" hits="0"></line>
								<line number="30" hits="0"></line>
							</lines>
						</method>
					</methods>
					<lines>
						<line number="15" hits="0"></line>
						<line number="16" hits="0"></line>
						<line number="17" hits="0"></line>
						<line number="18" hits="0"></line>
						<line number="19" hits="0"></line>
						<line number="20" hits="0"></line>
						<line number="21" hits="0"></line>
						<line number="22" hits="0"></line>
						<line number="23" hits="0"></line>
						<line number="24" hits="0"></line>
						<line number="27" hits="0"></line>
						<line number="28" hits="0"></line>
						<line number="29" hits="0"></line>
						<line number="30" hits="0"></line>
					</lines>
				</class>
				<class name="-" filename="github.com/mkuchenbecker/brewery3/brewery/rpi/gpio/sensors.go" line-rate="0" branch-rate="0" complexity="0">
					<methods>
						<method name="NewTemperatureAddress" signature="" line-rate="0" branch-rate="0" complexity="0">
							<lines>
								<line number="32" hits="0"></line>
								<line number="33" hits="0"></line>
								<line number="34" hits="0"></line>
								<line number="35" hits="0"></line>
								<line number="36" hits="0"></line>
								<line number="38" hits="0"></line>
								<line number="39" hits="0"></line>
								<line number="40" hits="0"></line>
								<line number="41" hits="0"></line>
								<line number="44" hits="0"></line>
							</lines>
						</method>
					</methods>
					<lines>
						<line number="32" hits="0"></line>
						<line number="33" hits="0"></line>
						<line number="34" hits="0"></line>
						<line number="35" hits="0"></line>
						<line number="36" hits="0"></line>
						<line number="38" hits="0"></line>
						<line number="39" hits="0"></line>
						<line number="40" hits="0"></line>
						<line number="41" hits="0"></line>
						<line number="44" hits="0"></line>
					</lines>
				</class>
			</classes>
		</package>
		<package name="github.com/mkuchenbecker/brewery3/brewery/rpi/sensors" line-rate="0.2" branch-rate="0" complexity="0">
			<classes>
				<class name="-" filename="github.com/mkuchenbecker/brewery3/brewery/rpi/sensors/main.go" line-rate="0" branch-rate="0" complexity="0">
					<methods>
						<method name="StartThermometer" signature="" line-rate="0" branch-rate="0" complexity="0">
							<lines>
								<line number="16" hits="0"></line>
								<line number="17" hits="0"></line>
								<line number="18" hits="0"></line>
								<line number="19" hits="0"></line>
								<line number="20" hits="0"></line>
								<line number="21" hits="0"></line>
								<line number="22" hits="0"></line>
								<line number="23" hits="0"></line>
								<line number="24" hits="0"></line>
								<line number="25" hits="0"></line>
								<line number="26" hits="0"></line>
								<line number="27" hits="0"></line>
								<line number="28" hits="0"></line>
								<line number="29" hits="0"></line>
								<line number="30" hits="0"></line>
								<line number="31" hits="0"></line>
							</lines>
						</method>
					</methods>
					<lines>
						<line number="16" hits="0"></line>
						<line number="17" hits="0"></line>
						<line number="18" hits="0"></line>
						<line number="19" hits="0"></line>
						<line number="20" hits="0"></line>
						<line number="21" hits="0"></line>
						<line number="22" hits="0"></line>
						<line number="23" hits="0"></line>
						<line number="24" hits="0"></line>
						<line number="25" hits="0"></line>
						<line number="26" hits="0"></line>
						<line number="27" hits="0"></line>
						<line number="28" hits="0"></line>
						<line number="29" hits="0"></line>
						<line number="30" hits="0"></line>
						<line number="31" hits="0"></line>
					</lines>
				</class>
				<class name="ThermometerServer" filename="github.com/mkuchenbecker/brewery3/brewery/rpi/sensors/temperature.go" line-rate="1" branch-rate="0" complexity="0">
					<methods>
						<method name="Get" signature="" line-rate="1" branch-rate="0" complexity="0">
							<lines>
								<line number="16" hits="2"></line>
								<line number="17" hits="2"></line>
								<line number="18" hits="2"></line>
								<line number="19" hits="2"></line>
							</lines>
						</method>
					</methods>
					<lines>
						<line number="16" hits="2"></line>
						<line number="17" hits="2"></line>
						<line number="18" hits="2"></line>
						<line number="19" hits="2"></line>
					</lines>
				</class>
			</classes>
		</package>
	</packages>
</coverage>
